
> 1s@0.0.0 serve
> node server/server.js

1s is running at http://localhost:3000

> 1s@0.0.0 serve
> node server/server.js

node:fs:1380
  const result = binding.mkdir(
                         ^

Error: ENOENT: no such file or directory, mkdir '/home/workspace/1s/source/uploads/2023-12-08'
    at Object.mkdirSync (node:fs:1380:26)
    at getUploadPath (file:///home/workspace/1s/source/server/fileManage.js:23:8)
    at file:///home/workspace/1s/source/server/server.js:44:20
    at process.processTicksAndRejections (node:internal/process/task_queues:95:5) {
  errno: -2,
  code: 'ENOENT',
  syscall: 'mkdir',
  path: '/home/workspace/1s/source/uploads/2023-12-08'
}

Node.js v20.10.0

> 1s@0.0.0 build
> vue-tsc && vite build

node:fs:1380
  const result = binding.mkdir(
                         ^

Error: ENOENT: no such file or directory, mkdir '/home/workspace/1s/source/uploads/2023-12-08'
    at Object.mkdirSync (node:fs:1380:26)
    at getUploadPath (file:///home/workspace/1s/source/server/fileManage.js:23:8)
    at file:///home/workspace/1s/source/server/server.js:44:20
    at process.processTicksAndRejections (node:internal/process/task_queues:95:5) {
  errno: -2,
  code: 'ENOENT',
  syscall: 'mkdir',
  path: '/home/workspace/1s/source/uploads/2023-12-08'
}

Node.js v20.10.0
node:fs:1380
  const result = binding.mkdir(
                         ^

Error: ENOENT: no such file or directory, mkdir '/home/workspace/1s/source/uploads/2023-12-08'
    at Object.mkdirSync (node:fs:1380:26)
    at getUploadPath (file:///home/workspace/1s/source/server/fileManage.js:23:8)
    at file:///home/workspace/1s/source/server/server.js:44:20
    at process.processTicksAndRejections (node:internal/process/task_queues:95:5) {
  errno: -2,
  code: 'ENOENT',
  syscall: 'mkdir',
  path: '/home/workspace/1s/source/uploads/2023-12-08'
}

Node.js v20.10.0
node:fs:1380
  const result = binding.mkdir(
                         ^

Error: ENOENT: no such file or directory, mkdir '/home/workspace/1s/source/uploads/2023-12-08'
    at Object.mkdirSync (node:fs:1380:26)
    at getUploadPath (file:///home/workspace/1s/source/server/fileManage.js:23:8)
    at file:///home/workspace/1s/source/server/server.js:44:20
    at process.processTicksAndRejections (node:internal/process/task_queues:95:5) {
  errno: -2,
  code: 'ENOENT',
  syscall: 'mkdir',
  path: '/home/workspace/1s/source/uploads/2023-12-08'
}

Node.js v20.10.0

> 1s@0.0.0 serve
> node server/server.js

1s is running at http://localhost:3000

  Error: read ECONNRESET
      at TCP.onStreamRead (node:internal/stream_base_commons:217:20)

node:internal/modules/cjs/loader:1147
  throw err;
  ^

Error: Cannot find module '/home/workspace/1s/source/server.js'
    at Module._resolveFilename (node:internal/modules/cjs/loader:1144:15)
    at Module._load (node:internal/modules/cjs/loader:985:27)
    at Function.executeUserEntryPoint [as runMain] (node:internal/modules/run_main:135:12)
    at node:internal/main/run_main_module:28:49 {
  code: 'MODULE_NOT_FOUND',
  requireStack: []
}

Node.js v20.10.0

  Error: write EPIPE
      at WriteWrap.onWriteComplete [as oncomplete] (node:internal/stream_base_commons:94:16)


  Error: write EPIPE
      at WriteWrap.onWriteComplete [as oncomplete] (node:internal/stream_base_commons:94:16)

Executing (default): SELECT `id`, `modelInfo`, `img`, `createdAt`, `updatedAt` FROM `t_models` AS `t_model` ORDER BY rand() LIMIT 1;
node:internal/modules/cjs/loader:1147
  throw err;
  ^

Error: Cannot find module '/home/workspace/1s/source/server.j'
    at Module._resolveFilename (node:internal/modules/cjs/loader:1144:15)
    at Module._load (node:internal/modules/cjs/loader:985:27)
    at Function.executeUserEntryPoint [as runMain] (node:internal/modules/run_main:135:12)
    at node:internal/main/run_main_module:28:49 {
  code: 'MODULE_NOT_FOUND',
  requireStack: []
}

Node.js v20.10.0
node:internal/modules/cjs/loader:1147
  throw err;
  ^

Error: Cannot find module '/home/workspace/1s/source/server.js'
    at Module._resolveFilename (node:internal/modules/cjs/loader:1144:15)
    at Module._load (node:internal/modules/cjs/loader:985:27)
    at Function.executeUserEntryPoint [as runMain] (node:internal/modules/run_main:135:12)
    at node:internal/main/run_main_module:28:49 {
  code: 'MODULE_NOT_FOUND',
  requireStack: []
}

Node.js v20.10.0
node:internal/modules/cjs/loader:1147
  throw err;
  ^

Error: Cannot find module '/home/workspace/1s/source/server.js'
    at Module._resolveFilename (node:internal/modules/cjs/loader:1144:15)
    at Module._load (node:internal/modules/cjs/loader:985:27)
    at Function.executeUserEntryPoint [as runMain] (node:internal/modules/run_main:135:12)
    at node:internal/main/run_main_module:28:49 {
  code: 'MODULE_NOT_FOUND',
  requireStack: []
}

Node.js v20.10.0
node:internal/modules/cjs/loader:1147
  throw err;
  ^

Error: Cannot find module '/home/workspace/1s/source/server.js'
    at Module._resolveFilename (node:internal/modules/cjs/loader:1144:15)
    at Module._load (node:internal/modules/cjs/loader:985:27)
    at Function.executeUserEntryPoint [as runMain] (node:internal/modules/run_main:135:12)
    at node:internal/main/run_main_module:28:49 {
  code: 'MODULE_NOT_FOUND',
  requireStack: []
}

Node.js v20.10.0
1s is running at http://localhost:3000
