node:internal/validators:162
    throw new ERR_INVALID_ARG_TYPE(name, 'string', value);
          ^

TypeError [ERR_INVALID_ARG_TYPE]: The "path" argument must be of type string. Received undefined
    at validateString (node:internal/validators:162:11)
    at Object.join (node:path:1175:7)
    at uploadsPath (file:///home/workspace/1s/source/server/fileManage.js:8:39)
    at file:///home/workspace/1s/source/server/server.js:38:17
    at process.processTicksAndRejections (node:internal/process/task_queues:95:5) {
  code: 'ERR_INVALID_ARG_TYPE'
}

Node.js v20.10.0
node:internal/validators:162
    throw new ERR_INVALID_ARG_TYPE(name, 'string', value);
          ^

TypeError [ERR_INVALID_ARG_TYPE]: The "path" argument must be of type string. Received undefined
    at validateString (node:internal/validators:162:11)
    at Object.join (node:path:1175:7)
    at uploadsPath (file:///home/workspace/1s/source/server/fileManage.js:8:39)
    at file:///home/workspace/1s/source/server/server.js:38:17
    at process.processTicksAndRejections (node:internal/process/task_queues:95:5) {
  code: 'ERR_INVALID_ARG_TYPE'
}

Node.js v20.10.0
node:internal/validators:162
    throw new ERR_INVALID_ARG_TYPE(name, 'string', value);
          ^

TypeError [ERR_INVALID_ARG_TYPE]: The "path" argument must be of type string. Received undefined
    at validateString (node:internal/validators:162:11)
    at Object.join (node:path:1175:7)
    at uploadsPath (file:///home/workspace/1s/source/server/fileManage.js:8:39)
    at file:///home/workspace/1s/source/server/server.js:38:17
    at process.processTicksAndRejections (node:internal/process/task_queues:95:5) {
  code: 'ERR_INVALID_ARG_TYPE'
}

Node.js v20.10.0
